<?xml version="1.0" encoding="UTF-8"?>
<testng-results ignored="0" total="1" passed="1" failed="0" skipped="0">
  <reporter-output>
  </reporter-output>
  <suite started-at="2025-07-25T06:59:48 IST" name="Default suite" finished-at="2025-07-25T06:59:56 IST" duration-ms="7510">
    <groups>
    </groups>
    <test started-at="2025-07-25T06:59:48 IST" name="Default test" finished-at="2025-07-25T06:59:56 IST" duration-ms="7510">
      <class name="tracker.RedbusPriceTrackerTest">
        <test-method signature="trackBusPrice()[pri:0, instance:tracker.RedbusPriceTrackerTest@2aceadd4]" started-at="2025-07-25T06:59:48 IST" name="trackBusPrice" finished-at="2025-07-25T06:59:55 IST" duration-ms="7455" status="PASS">
          <reporter-output>
          </reporter-output>
        </test-method> <!-- trackBusPrice -->
      </class> <!-- tracker.RedbusPriceTrackerTest -->
    </test> <!-- Default test -->
  </suite> <!-- Default suite -->
</testng-results>
